<?xml version="1.0" encoding="Windows-31J"?>
<project name="junit" default="test.dev" basedir=".">
  <discription></discription>
  <taskdef resource="net/sf/antcontrib/antcontrib.properties">
    <classpath>
      <pathelement location="${path.lib}/ant-contrib-1.0b3.jar">
    </classpath>
  </taskdef>
  <property name="workspace" location="D:/EclipseWorkSpace" />

  <target name="path.convert">
    <propertyregex global="true" input=${class} property="pkg.class" regexp="Test" replace=""/>
    <propertyregex global="true" input=${pkg.class} property="path.class" regexp="\." replace="\\\"/>
    <echo>${path.class}</echo>
  </target>

  <!-- JUnit実行 -->
  <target description="Execute Test Development Resource" name="test.dev">
    <echo>#########################################</echo>
    <echo>### Execute Test Development Resource ###</echo>
    <echo>${ant.java.version}</echo>
    <echo>${class}</echo>
    <echo>#########################################</echo>
    <!-- 必要なリソースは一まとめにする -->
    <path id="classpath">
      <pathelement location="${workspace}/projectA/bin"/>
      <pathelement location="${workspace}/projectB/bin"/>
      <fileset dir="${path.lib}">
        <include name="*.jar"/>
      </fileset>
    </path>
    <junit printsummary="yes">
      <classpath>
        <path refid="classpath"/>
      </classpath>
      <formatter type="xml"/>
      <test name="${class}" todir=${path.out}/>
    </junit>
  </target>

  <target description="Execute Test Production Resource" name="test.product">
    <echo>#########################################</echo>
    <echo>### Execute Test Development Resource ###</echo>
    <echo>${ant.java.version}</echo>
    <echo>${class}</echo>
    <echo>#########################################</echo>
    <!-- テスト対象リソースのみ稼動系を使用するため、jarを生成 -->
    <jar destfile="${path.lib}/product.jar">
      <fileset dir="${workspace}/projectX/bin" includes="${path.class}.class"/>
      <fileset dir="${workspace}/projectY/bin" includes="${path.class}.class"/>
      <fileset dir="${workspace}/projectZ/bin" includes="${path.class}.class"/>
    </jar>
    <jar destfile="${path.lib}/dev.jar">
      <fileset dir="${workspace}/projectA/bin" excludes="${path.class}.class"/>
      <fileset dir="${workspace}/projectB/bin" excludes="${path.class}.class"/>
    </jar>
    <!-- 必要なリソースは一まとめにする -->
    <path id="classpath">
      <fileset dir="${path.lib}">
        <include name="*.jar"/>
      </fileset>
    </path>
    <junit printsummary="yes">
      <classpath>
        <path refid="classpath"/>
      </classpath>
      <formatter type="xml"/>
      <test name="${class}" todir=${path.out}/>
    </junit>
  </target>
</project>
