<?xml version="1.0" encoding="Windows-31J"?>
<project name="junit" default="test.dev" basedir="." >
  <discription></discription>
  <property file="config.properties"/>
  <taskdef resource="net/sf/antcontrib/antcontrib.properties">
    <classpath>
      <pathelement location="${path.antcontrib}"
    </classpath>
  </taskdef>
  <target name="path.convert">
    <propertyregex property="pkg.class" input=${class} regexp="Test" replace="" global="true" />
    <propertyregex property="path.class" input=${pkg.class} regexp="\." replace="\\\" global="true" />
    <echo>${path.class}</echo>
  </target>  


</project>
